Arguments: 
  /usr/local/bin/node /usr/local/bin/yarn

PATH: 
  /usr/local/sbin:/usr/local/bin:/usr/sbin:/usr/bin:/sbin:/bin:/usr/games:/usr/local/games:/snap/bin

Yarn version: 
  1.17.3

Node version: 
  10.16.0

Platform: 
  linux x64

Trace: 
  Error: EACCES: permission denied, mkdir '/home/dev12/Desktop/Greenhills/greenhillsserver/node_modules/define-property/node_modules/kind-of'

npm manifest: 
  {
    "name": "greengillsserver",
    "version": "1.0.0",
    "description": "api of green hills public school and colleg batel",
    "main": "index.js",
    "scripts": {
      "test": "echo \"Error: no test specified\" && exit 1",
      "start": "nodemon index.js"
    },
    "author": "uqair",
    "license": "ISC",
    "dependencies": {
      "bcrypt": "^2.0.1",
      "bcryptjs": "^2.4.3",
      "body-parser": "^1.18.3",
      "cloudinary": "^1.13.2",
      "cookie-parser": "^1.4.4",
      "cors": "^2.8.5",
      "dotenv": "^7.0.0",
      "express": "^4.16.4",
      "express-formidable": "^1.2.0",
      "jsonwebtoken": "^8.5.1",
      "moment": "^2.24.0",
      "mongodb": "^3.1.13",
      "mongoose": "^5.1.6",
      "multer": "^1.4.1",
      "nodemon": "^1.18.10",
      "path": "^0.12.7",
      "slick-carousel": "^1.8.1"
    },
    "devDependencies": {}
  }

yarn manifest: 
  No manifest

Lockfile: 
  No lockfile
